#
# There is insufficient memory for the Java Runtime Environment to continue.
# Native memory allocation (malloc) failed to allocate 344976 bytes for Chunk::new
# Possible reasons:
#   The system is out of physical RAM or swap space
#   The process is running with CompressedOops enabled, and the Java Heap may be blocking the growth of the native heap
# Possible solutions:
#   Reduce memory load on the system
#   Increase physical memory or swap space
#   Check if swap backing store is full
#   Decrease Java heap size (-Xmx/-Xms)
#   Decrease number of Java threads
#   Decrease Java thread stack sizes (-Xss)
#   Set larger code cache with -XX:ReservedCodeCacheSize=
#   JVM is running with Unscaled Compressed Oops mode in which the Java heap is
#     placed in the first 4GB address space. The Java Heap base address is the
#     maximum limit for the native heap growth. Please use -XX:HeapBaseMinAddress
#     to set the Java Heap base and to place the Java Heap above 4GB virtual address.
# This output file may be truncated or incomplete.
#
#  Out of Memory Error (allocation.cpp:389), pid=24652, tid=0x0000000000006a10
#
# JRE version: OpenJDK Runtime Environment (8.0_202-b03) (build 1.8.0_202-release-1483-b03)
# Java VM: OpenJDK 64-Bit Server VM (25.202-b03 mixed mode windows-amd64 compressed oops)
# Failed to write core dump. Minidumps are not enabled by default on client versions of Windows
#

---------------  T H R E A D  ---------------

Current thread (0x000000001687b000):  JavaThread "C2 CompilerThread0" daemon [_thread_in_native, id=27152, stack(0x0000000018f40000,0x0000000019040000)]

Stack: [0x0000000018f40000,0x0000000019040000]
[error occurred during error reporting (printing stack bounds), id 0xc0000005]

Native frames: (J=compiled Java code, j=interpreted, Vv=VM code, C=native code)


Current CompileTask:
C2:   2164 1415   !   4       java.net.URLClassLoader$1::run (63 bytes)


---------------  P R O C E S S  ---------------

Java Threads: ( => current thread )
  0x000000001aad8000 JavaThread "Cache worker for file hash cache (C:\Users\HILAL\AndroidStudioProjects\CryptoMoneyApp\.gradle\5.4.1\fileHashes)" [_thread_blocked, id=5676, stack(0x000000001f600000,0x000000001f700000)]
  0x000000001aadd800 JavaThread "Cache worker for journal cache (C:\Users\HILAL\.gradle\caches\journal-1)" [_thread_blocked, id=31872, stack(0x000000001d160000,0x000000001d260000)]
  0x000000001aadc000 JavaThread "File lock request listener" [_thread_in_native, id=7048, stack(0x000000001d060000,0x000000001d160000)]
  0x000000001aaa7000 JavaThread "Cache worker for file hash cache (C:\Users\HILAL\.gradle\caches\5.4.1\fileHashes)" [_thread_blocked, id=24624, stack(0x000000001cf60000,0x000000001d060000)]
  0x000000001a971000 JavaThread "Thread-9" [_thread_blocked, id=30748, stack(0x000000001be90000,0x000000001bf90000)]
  0x000000001a983800 JavaThread "Stdin handler" [_thread_blocked, id=27620, stack(0x000000001bd90000,0x000000001be90000)]
  0x000000001a95f800 JavaThread "Asynchronous log dispatcher for DefaultDaemonConnection: socket connection from /127.0.0.1:52457 to /127.0.0.1:52458" [_thread_blocked, id=17384, stack(0x000000001bc90000,0x000000001bd90000)]
  0x000000001a959800 JavaThread "Daemon worker" [_thread_in_vm, id=33088, stack(0x000000001bb90000,0x000000001bc90000)]
  0x000000001a959000 JavaThread "Cancel handler" [_thread_blocked, id=18188, stack(0x000000001ba90000,0x000000001bb90000)]
  0x000000001a889000 JavaThread "Handler for socket connection from /127.0.0.1:52457 to /127.0.0.1:52458" [_thread_in_native, id=13524, stack(0x000000001b790000,0x000000001b890000)]
  0x000000001a884800 JavaThread "Daemon" [_thread_blocked, id=33524, stack(0x000000001b690000,0x000000001b790000)]
  0x000000001aa33000 JavaThread "Daemon periodic checks" [_thread_blocked, id=33268, stack(0x000000001b590000,0x000000001b690000)]
  0x000000001aa2d800 JavaThread "Incoming local TCP Connector on port 52457" [_thread_in_native, id=33552, stack(0x000000001b350000,0x000000001b450000)]
  0x000000001a6ef800 JavaThread "Daemon health stats" [_thread_blocked, id=28700, stack(0x000000001ad10000,0x000000001ae10000)]
  0x00000000186cd000 JavaThread "Service Thread" daemon [_thread_blocked, id=1176, stack(0x0000000019340000,0x0000000019440000)]
  0x0000000018696800 JavaThread "C1 CompilerThread3" daemon [_thread_blocked, id=24564, stack(0x0000000019240000,0x0000000019340000)]
  0x000000001868f800 JavaThread "C2 CompilerThread2" daemon [_thread_blocked, id=19900, stack(0x0000000019140000,0x0000000019240000)]
  0x000000001687d800 JavaThread "C2 CompilerThread1" daemon [_thread_in_native, id=29396, stack(0x0000000019040000,0x0000000019140000)]
=>0x000000001687b000 JavaThread "C2 CompilerThread0" daemon [_thread_in_native, id=27152, stack(0x0000000018f40000,0x0000000019040000)]
  0x0000000018684000 JavaThread "Attach Listener" daemon [_thread_blocked, id=1748, stack(0x0000000018e40000,0x0000000018f40000)]
  0x0000000018683000 JavaThread "Signal Dispatcher" daemon [_thread_blocked, id=22224, stack(0x0000000018d40000,0x0000000018e40000)]
  0x0000000018671000 JavaThread "Finalizer" daemon [_thread_blocked, id=30256, stack(0x0000000018b50000,0x0000000018c50000)]
  0x0000000018670800 JavaThread "Reference Handler" daemon [_thread_blocked, id=1572, stack(0x0000000018a50000,0x0000000018b50000)]
  0x00000000028ae800 JavaThread "main" [_thread_blocked, id=19312, stack(0x00000000028b0000,0x00000000029b0000)]

Other Threads:
  0x0000000016866800 VMThread [stack: 0x0000000018550000,0x0000000018650000] [id=22308]
  0x00000000186cd800 WatcherThread [stack: 0x0000000019440000,0x0000000019540000] [id=7536]

VM state:not at safepoint (normal execution)

VM Mutex/Monitor currently owned by a thread: None

heap address: 0x00000000a0000000, size: 1536 MB, Compressed Oops mode: 32-bit
Narrow klass base: 0x0000000000000000, Narrow klass shift: 3
Compressed class space size: 1073741824 Address: 0x0000000100000000

Heap:
 PSYoungGen      total 76288K, used 26353K [0x00000000e0000000, 0x00000000e5500000, 0x0000000100000000)
  eden space 65536K, 24% used [0x00000000e0000000,0x00000000e0fe3140,0x00000000e4000000)
  from space 10752K, 93% used [0x00000000e4a80000,0x00000000e5459538,0x00000000e5500000)
  to   space 10752K, 0% used [0x00000000e4000000,0x00000000e4000000,0x00000000e4a80000)
 ParOldGen       total 175104K, used 24K [0x00000000a0000000, 0x00000000aab00000, 0x00000000e0000000)
  object space 175104K, 0% used [0x00000000a0000000,0x00000000a0006000,0x00000000aab00000)
 Metaspace       used 16717K, capacity 17120K, committed 17408K, reserved 1064960K
  class space    used 2409K, capacity 2546K, committed 2560K, reserved 1048576K

Card table byte_map: [0x0000000011e70000,0x0000000012180000] byte_map_base: 0x0000000011970000

Marking Bits: (ParMarkBitMap*) 0x00000000604e9f30
 Begin Bits: [0x0000000012b80000, 0x0000000014380000)
 End Bits:   [0x0000000014380000, 0x0000000015b80000)

Polling page: 0x0000000000ac0000

CodeCache: size=245760Kb used=5184Kb max_used=5192Kb free=240575Kb
 bounds [0x0000000002ab0000, 0x0000000002fd0000, 0x0000000011ab0000]
 total_blobs=1906 nmethods=1509 adapters=310
 compilation: enabled

Compilation events (10 events):
Event: 2.152 Thread 0x0000000018696800 1509       3       org.gradle.internal.service.DefaultServiceRegistry$ManagedObjectServiceProvider::fromSameRegistry (27 bytes)
Event: 2.153 Thread 0x0000000018696800 nmethod 1509 0x0000000002fbf6d0 code [0x0000000002fbf840, 0x0000000002fbfc10]
Event: 2.153 Thread 0x0000000018696800 1510       3       org.gradle.internal.service.DefaultServiceRegistry$ParentServices::getService (11 bytes)
Event: 2.153 Thread 0x000000001868f800 1511       4       java.lang.ReflectiveOperationException::<init> (7 bytes)
Event: 2.153 Thread 0x0000000018696800 nmethod 1510 0x0000000002fbf250 code [0x0000000002fbf3c0, 0x0000000002fbf5e8]
Event: 2.154 Thread 0x000000001868f800 nmethod 1511 0x0000000002fbec10 code [0x0000000002fbed60, 0x0000000002fbf0c8]
Event: 2.157 Thread 0x0000000018696800 1512       3       java.util.concurrent.locks.AbstractQueuedSynchronizer::release (33 bytes)
Event: 2.157 Thread 0x0000000018696800 nmethod 1512 0x0000000002fbe690 code [0x0000000002fbe800, 0x0000000002fbeb18]
Event: 2.159 Thread 0x0000000018696800 1513       3       java.util.concurrent.locks.AbstractQueuedSynchronizer::compareAndSetState (13 bytes)
Event: 2.159 Thread 0x0000000018696800 nmethod 1513 0x0000000002fbe2d0 code [0x0000000002fbe420, 0x0000000002fbe590]

GC Heap History (4 events):
Event: 0.831 GC heap before
{Heap before GC invocations=1 (full 0):
 PSYoungGen      total 76288K, used 65536K [0x00000000e0000000, 0x00000000e5500000, 0x0000000100000000)
  eden space 65536K, 100% used [0x00000000e0000000,0x00000000e4000000,0x00000000e4000000)
  from space 10752K, 0% used [0x00000000e4a80000,0x00000000e4a80000,0x00000000e5500000)
  to   space 10752K, 0% used [0x00000000e4000000,0x00000000e4000000,0x00000000e4a80000)
 ParOldGen       total 175104K, used 0K [0x00000000a0000000, 0x00000000aab00000, 0x00000000e0000000)
  object space 175104K, 0% used [0x00000000a0000000,0x00000000a0000000,0x00000000aab00000)
 Metaspace       used 8570K, capacity 8822K, committed 8960K, reserved 1056768K
  class space    used 1102K, capacity 1177K, committed 1280K, reserved 1048576K
Event: 0.837 GC heap after
Heap after GC invocations=1 (full 0):
 PSYoungGen      total 76288K, used 6668K [0x00000000e0000000, 0x00000000e5500000, 0x0000000100000000)
  eden space 65536K, 0% used [0x00000000e0000000,0x00000000e0000000,0x00000000e4000000)
  from space 10752K, 62% used [0x00000000e4000000,0x00000000e4683260,0x00000000e4a80000)
  to   space 10752K, 0% used [0x00000000e4a80000,0x00000000e4a80000,0x00000000e5500000)
 ParOldGen       total 175104K, used 16K [0x00000000a0000000, 0x00000000aab00000, 0x00000000e0000000)
  object space 175104K, 0% used [0x00000000a0000000,0x00000000a0004000,0x00000000aab00000)
 Metaspace       used 8570K, capacity 8822K, committed 8960K, reserved 1056768K
  class space    used 1102K, capacity 1177K, committed 1280K, reserved 1048576K
}
Event: 2.006 GC heap before
{Heap before GC invocations=2 (full 0):
 PSYoungGen      total 76288K, used 72204K [0x00000000e0000000, 0x00000000e5500000, 0x0000000100000000)
  eden space 65536K, 100% used [0x00000000e0000000,0x00000000e4000000,0x00000000e4000000)
  from space 10752K, 62% used [0x00000000e4000000,0x00000000e4683260,0x00000000e4a80000)
  to   space 10752K, 0% used [0x00000000e4a80000,0x00000000e4a80000,0x00000000e5500000)
 ParOldGen       total 175104K, used 16K [0x00000000a0000000, 0x00000000aab00000, 0x00000000e0000000)
  object space 175104K, 0% used [0x00000000a0000000,0x00000000a0004000,0x00000000aab00000)
 Metaspace       used 15364K, capacity 15744K, committed 16000K, reserved 1062912K
  class space    used 2185K, capacity 2322K, committed 2432K, reserved 1048576K
Event: 2.014 GC heap after
Heap after GC invocations=2 (full 0):
 PSYoungGen      total 76288K, used 10085K [0x00000000e0000000, 0x00000000e5500000, 0x0000000100000000)
  eden space 65536K, 0% used [0x00000000e0000000,0x00000000e0000000,0x00000000e4000000)
  from space 10752K, 93% used [0x00000000e4a80000,0x00000000e5459538,0x00000000e5500000)
  to   space 10752K, 0% used [0x00000000e4000000,0x00000000e4000000,0x00000000e4a80000)
 ParOldGen       total 175104K, used 24K [0x00000000a0000000, 0x00000000aab00000, 0x00000000e0000000)
  object space 175104K, 0% used [0x00000000a0000000,0x00000000a0006000,0x00000000aab00000)
 Metaspace       used 15364K, capacity 15744K, committed 16000K, reserved 1062912K
  class space    used 2185K, capacity 2322K, committed 2432K, reserved 1048576K
}

Deoptimization events (10 events):
Event: 1.174 Thread 0x00000000028ae800 Uncommon trap: reason=unstable_if action=reinterpret pc=0x0000000002dfe5e0 method=java.io.WinNTFileSystem.normalize(Ljava/lang/String;II)Ljava/lang/String; @ 90
Event: 1.607 Thread 0x000000001a889000 Uncommon trap: reason=unstable_if action=reinterpret pc=0x0000000002e5c6b0 method=java.util.concurrent.ConcurrentHashMap.putVal(Ljava/lang/Object;Ljava/lang/Object;Z)Ljava/lang/Object; @ 206
Event: 1.652 Thread 0x000000001a959800 Uncommon trap: reason=bimorphic action=maybe_recompile pc=0x0000000002d232b0 method=java.util.HashMap.putVal(ILjava/lang/Object;Ljava/lang/Object;ZZ)Ljava/lang/Object; @ 253
Event: 1.652 Thread 0x000000001a959800 Uncommon trap: reason=bimorphic action=maybe_recompile pc=0x0000000002d232b0 method=java.util.HashMap.putVal(ILjava/lang/Object;Ljava/lang/Object;ZZ)Ljava/lang/Object; @ 253
Event: 1.652 Thread 0x000000001a959800 Uncommon trap: reason=bimorphic action=maybe_recompile pc=0x0000000002d232b0 method=java.util.HashMap.putVal(ILjava/lang/Object;Ljava/lang/Object;ZZ)Ljava/lang/Object; @ 253
Event: 1.809 Thread 0x000000001a959800 Uncommon trap: reason=class_check action=maybe_recompile pc=0x0000000002d79f18 method=java.util.regex.Matcher.match(II)Z @ 86
Event: 1.818 Thread 0x000000001a959800 Uncommon trap: reason=class_check action=maybe_recompile pc=0x0000000002d79f18 method=java.util.regex.Matcher.match(II)Z @ 86
Event: 1.818 Thread 0x000000001a959800 Uncommon trap: reason=class_check action=maybe_recompile pc=0x0000000002d79f18 method=java.util.regex.Matcher.match(II)Z @ 86
Event: 1.818 Thread 0x000000001a959800 Uncommon trap: reason=class_check action=maybe_recompile pc=0x0000000002d3981c method=java.util.regex.Matcher.match(II)Z @ 86
Event: 1.977 Thread 0x000000001a959800 Uncommon trap: reason=unstable_if action=reinterpret pc=0x0000000002e54a34 method=java.lang.String.lastIndexOf([CII[CIII)I @ 66

Classes redefined (0 events):
No events

Internal exceptions (10 events):
Event: 0.864 Thread 0x00000000028ae800 Exception <a 'java/lang/NoSuchFieldError': method resolution failed> (0x00000000e03c3160) thrown at [D:\src\AOSP-openjdk-cygwin\jdk8u\hotspot\src\share\vm\prims\methodHandles.cpp, line 1167]
Event: 0.865 Thread 0x00000000028ae800 Exception <a 'java/lang/NoSuchFieldError': method resolution failed> (0x00000000e03d0e40) thrown at [D:\src\AOSP-openjdk-cygwin\jdk8u\hotspot\src\share\vm\prims\methodHandles.cpp, line 1167]
Event: 1.573 Thread 0x00000000028ae800 Exception <a 'java/io/IOException'> (0x00000000e0be5e80) thrown at [D:\src\AOSP-openjdk-cygwin\jdk8u\hotspot\src\share\vm\prims\jni.cpp, line 710]
Event: 1.607 Thread 0x000000001a889000 Exception <a 'java/lang/NoSuchMethodError': <clinit>> (0x00000000e0eaf990) thrown at [D:\src\AOSP-openjdk-cygwin\jdk8u\hotspot\src\share\vm\prims\jni.cpp, line 1614]
Event: 1.609 Thread 0x000000001a889000 Exception <a 'java/lang/NoSuchMethodError': <clinit>> (0x00000000e0eb9740) thrown at [D:\src\AOSP-openjdk-cygwin\jdk8u\hotspot\src\share\vm\prims\jni.cpp, line 1614]
Event: 1.611 Thread 0x000000001a889000 Exception <a 'java/lang/NoSuchMethodError': <clinit>> (0x00000000e0ecd8f0) thrown at [D:\src\AOSP-openjdk-cygwin\jdk8u\hotspot\src\share\vm\prims\jni.cpp, line 1614]
Event: 1.619 Thread 0x000000001a889000 Exception <a 'java/lang/NoSuchMethodError': <clinit>> (0x00000000e0f28820) thrown at [D:\src\AOSP-openjdk-cygwin\jdk8u\hotspot\src\share\vm\prims\jni.cpp, line 1614]
Event: 1.625 Thread 0x000000001a889000 Exception <a 'java/lang/NoSuchMethodError': <clinit>> (0x00000000e0f603e0) thrown at [D:\src\AOSP-openjdk-cygwin\jdk8u\hotspot\src\share\vm\prims\jni.cpp, line 1614]
Event: 1.630 Thread 0x000000001a889000 Exception <a 'java/lang/NoSuchMethodError': <clinit>> (0x00000000e0f96260) thrown at [D:\src\AOSP-openjdk-cygwin\jdk8u\hotspot\src\share\vm\prims\jni.cpp, line 1614]
Event: 1.631 Thread 0x000000001a889000 Exception <a 'java/lang/NoSuchMethodError': <clinit>> (0x00000000e0fa1cc8) thrown at [D:\src\AOSP-openjdk-cygwin\jdk8u\hotspot\src\share\vm\prims\jni.cpp, line 1614]

Events (10 events):
Event: 2.162 loading class org/gradle/plugin/management/internal/PluginRequestsSerializer
Event: 2.162 loading class org/gradle/plugin/management/internal/PluginRequestsSerializer done
Event: 2.162 loading class org/gradle/configuration/ScriptPluginFactorySelector
Event: 2.162 loading class org/gradle/configuration/ScriptPluginFactorySelector done
Event: 2.162 loading class org/gradle/configuration/ScriptPluginFactorySelector$ProviderInstantiator
Event: 2.162 loading class org/gradle/configuration/ScriptPluginFactorySelector$ProviderInstantiator done
Event: 2.163 loading class org/gradle/configuration/ScriptPluginFactorySelector$1
Event: 2.163 loading class org/gradle/configuration/ScriptPluginFactorySelector$1 done
Event: 2.163 loading class org/gradle/internal/service/scopes/BuildScopeServiceRegistryFactory
Event: 2.163 loading class org/gradle/internal/service/scopes/BuildScopeServiceRegistryFactory done


Dynamic libraries:
0x00007ff616b40000 - 0x00007ff616b71000 	C:\Program Files\Android\Android Studio\jre\bin\java.exe
0x00007ffa82180000 - 0x00007ffa82370000 	C:\WINDOWS\SYSTEM32\ntdll.dll
0x00007ffa80420000 - 0x00007ffa804d2000 	C:\WINDOWS\System32\KERNEL32.DLL
0x00007ffa7fb60000 - 0x00007ffa7fe03000 	C:\WINDOWS\System32\KERNELBASE.dll
0x00007ffa804e0000 - 0x00007ffa80583000 	C:\WINDOWS\System32\ADVAPI32.dll
0x00007ffa814a0000 - 0x00007ffa8153e000 	C:\WINDOWS\System32\msvcrt.dll
0x00007ffa80c40000 - 0x00007ffa80cd7000 	C:\WINDOWS\System32\sechost.dll
0x00007ffa802d0000 - 0x00007ffa803f0000 	C:\WINDOWS\System32\RPCRT4.dll
0x00007ffa80760000 - 0x00007ffa808f4000 	C:\WINDOWS\System32\USER32.dll
0x00007ffa7fb30000 - 0x00007ffa7fb51000 	C:\WINDOWS\System32\win32u.dll
0x00007ffa803f0000 - 0x00007ffa80416000 	C:\WINDOWS\System32\GDI32.dll
0x00007ffa80090000 - 0x00007ffa80224000 	C:\WINDOWS\System32\gdi32full.dll
0x00007ffa7fa90000 - 0x00007ffa7fb2e000 	C:\WINDOWS\System32\msvcp_win.dll
0x00007ffa7fec0000 - 0x00007ffa7ffba000 	C:\WINDOWS\System32\ucrtbase.dll
0x00007ffa714d0000 - 0x00007ffa71755000 	C:\WINDOWS\WinSxS\amd64_microsoft.windows.common-controls_6595b64144ccf1df_6.0.18362.720_none_e6beb5c51314836b\COMCTL32.dll
0x00007ffa81990000 - 0x00007ffa81cc6000 	C:\WINDOWS\System32\combase.dll
0x00007ffa7fa10000 - 0x00007ffa7fa90000 	C:\WINDOWS\System32\bcryptPrimitives.dll
0x00007ffa80c10000 - 0x00007ffa80c3e000 	C:\WINDOWS\System32\IMM32.DLL
0x000000005fc40000 - 0x000000005fd12000 	C:\Program Files\Android\Android Studio\jre\jre\bin\msvcr100.dll
0x000000005fd20000 - 0x0000000060566000 	C:\Program Files\Android\Android Studio\jre\jre\bin\server\jvm.dll
0x00007ffa817d0000 - 0x00007ffa817d8000 	C:\WINDOWS\System32\PSAPI.DLL
0x00007ffa7ca70000 - 0x00007ffa7ca94000 	C:\WINDOWS\SYSTEM32\WINMM.dll
0x00007ffa7a6c0000 - 0x00007ffa7a6c9000 	C:\WINDOWS\SYSTEM32\WSOCK32.dll
0x00007ffa7a7f0000 - 0x00007ffa7a7fa000 	C:\WINDOWS\SYSTEM32\VERSION.dll
0x00007ffa80b40000 - 0x00007ffa80baf000 	C:\WINDOWS\System32\WS2_32.dll
0x00007ffa7ca40000 - 0x00007ffa7ca6d000 	C:\WINDOWS\SYSTEM32\WINMMBASE.dll
0x00007ffa7ffc0000 - 0x00007ffa8000a000 	C:\WINDOWS\System32\cfgmgr32.dll
0x00007ffa77fc0000 - 0x00007ffa77fcf000 	C:\Program Files\Android\Android Studio\jre\jre\bin\verify.dll
0x00007ffa77f90000 - 0x00007ffa77fb9000 	C:\Program Files\Android\Android Studio\jre\jre\bin\java.dll
0x00007ffa77f70000 - 0x00007ffa77f86000 	C:\Program Files\Android\Android Studio\jre\jre\bin\zip.dll
0x00007ffa80ce0000 - 0x00007ffa813c5000 	C:\WINDOWS\System32\SHELL32.dll
0x00007ffa815c0000 - 0x00007ffa81669000 	C:\WINDOWS\System32\shcore.dll
0x00007ffa7f110000 - 0x00007ffa7f890000 	C:\WINDOWS\System32\windows.storage.dll
0x00007ffa7f0e0000 - 0x00007ffa7f103000 	C:\WINDOWS\System32\profapi.dll
0x00007ffa7f070000 - 0x00007ffa7f0ba000 	C:\WINDOWS\System32\powrprof.dll
0x00007ffa7f040000 - 0x00007ffa7f050000 	C:\WINDOWS\System32\UMPDC.dll
0x00007ffa809d0000 - 0x00007ffa80a22000 	C:\WINDOWS\System32\shlwapi.dll
0x00007ffa7f050000 - 0x00007ffa7f061000 	C:\WINDOWS\System32\kernel.appcore.dll
0x00007ffa80070000 - 0x00007ffa80087000 	C:\WINDOWS\System32\cryptsp.dll
0x00007ffa77f50000 - 0x00007ffa77f6a000 	C:\Program Files\Android\Android Studio\jre\jre\bin\net.dll
0x00007ffa7e8b0000 - 0x00007ffa7e917000 	C:\WINDOWS\system32\mswsock.dll
0x00007ffa77f30000 - 0x00007ffa77f41000 	C:\Program Files\Android\Android Studio\jre\jre\bin\nio.dll
0x00007ffa74190000 - 0x00007ffa741b6000 	C:\Users\HILAL\.gradle\native\29\windows-amd64\native-platform.dll
0x00007ffa77f20000 - 0x00007ffa77f2d000 	C:\Program Files\Android\Android Studio\jre\jre\bin\management.dll
0x00007ffa7e420000 - 0x00007ffa7e453000 	C:\WINDOWS\system32\rsaenh.dll
0x00007ffa7f9e0000 - 0x00007ffa7fa06000 	C:\WINDOWS\System32\bcrypt.dll
0x00007ffa7ef60000 - 0x00007ffa7ef85000 	C:\WINDOWS\SYSTEM32\USERENV.dll
0x00007ffa7ea80000 - 0x00007ffa7ea8c000 	C:\WINDOWS\SYSTEM32\CRYPTBASE.dll
0x00007ffa7e5c0000 - 0x00007ffa7e5fa000 	C:\WINDOWS\SYSTEM32\IPHLPAPI.DLL
0x00007ffa80230000 - 0x00007ffa80238000 	C:\WINDOWS\System32\NSI.dll
0x00007ffa771c0000 - 0x00007ffa771d6000 	C:\WINDOWS\SYSTEM32\dhcpcsvc6.DLL
0x00007ffa771a0000 - 0x00007ffa771bc000 	C:\WINDOWS\SYSTEM32\dhcpcsvc.DLL
0x00007ffa7e600000 - 0x00007ffa7e6ca000 	C:\WINDOWS\SYSTEM32\DNSAPI.dll

VM Arguments:
jvm_args: -Xmx1536m -Dfile.encoding=windows-1254 -Duser.country=TR -Duser.language=tr -Duser.variant 
java_command: org.gradle.launcher.daemon.bootstrap.GradleDaemon 5.4.1
java_class_path (initial): C:\Users\HILAL\.gradle\wrapper\dists\gradle-5.4.1-all\3221gyojl5jsh0helicew7rwx\gradle-5.4.1\lib\gradle-launcher-5.4.1.jar
Launcher Type: SUN_STANDARD

Environment Variables:
JAVA_HOME=C:\Program Files\Java\jdk1.8.0_181
PATH=C:\Program Files\Git\bin\;C:\Program Files\Git\cmd\;C:\Program Files\Microsoft SQL Server\Client SDK\ODBC\130\Tools\Binn\;C:\Program Files\Microsoft SQL Server\140\DTS\Binn\;C:\Program Files (x86)\Microsoft SQL Server\140\DTS\Binn\;C:\Windows\System32;E:\MATLAB\runtime\win64;E:\MATLAB\bin;E:\MATLAB\R2018a\runtime\win64;E:\MATLAB\R2018a\bin;C:\WINDOWS\system32;C:\WINDOWS;C:\WINDOWS\System32\Wbem;C:\WINDOWS\System32\WindowsPowerShell\v1.0\;C:\WINDOWS\System32\OpenSSH\;C:\Program Files\dotnet\;C:\Program Files\Microsoft SQL Server\130\Tools\Binn\;C:\Program Files\Microsoft SQL Server\Client SDK\ODBC\170\Tools\Binn\;C:\apache-maven-3.6.0\bin;C:\Program Files\JetBrains\PyCharm 2019.2\bin;C:\Users\HILAL\AppData\Local\Microsoft\WindowsApps
USERNAME=HÝLAL
OS=Windows_NT
PROCESSOR_IDENTIFIER=Intel64 Family 6 Model 158 Stepping 9, GenuineIntel



---------------  S Y S T E M  ---------------

OS: Windows 10.0 , 64 bit Build 18362 (10.0.18362.329)

CPU:total 8 (initial active 8) (4 cores per cpu, 2 threads per core) family 6 model 158 stepping 9, cmov, cx8, fxsr, mmx, sse, sse2, sse3, ssse3, sse4.1, sse4.2, popcnt, avx, avx2, aes, clmul, erms, 3dnowpref, lzcnt, ht, tsc, tscinvbit, bmi1, bmi2, adx

Memory: 4k page, physical 16666788k(5042652k free), swap 19680248k(5172k free)

vm_info: OpenJDK 64-Bit Server VM (25.202-b03) for windows-amd64 JRE (1.8.0_202-release-1483-b03), built by "builder" with MS VC++ 10.0 (VS2010)

time: Fri Apr 03 20:07:53 2020
timezone: Türkiye Standart Saati
elapsed time: 2 seconds (0d 0h 0m 2s)

